<?xml version="1.0" encoding="UTF-8"?>
<testsuite xmlns:xsi="http://www.w3.org/2001/XMLSchema-instance" xsi:noNamespaceSchemaLocation="https://maven.apache.org/surefire/maven-surefire-plugin/xsd/surefire-test-report.xsd" name="com.cactusc9.order.repository.OrderMasterRepositoryTest" time="0.245" tests="2" errors="0" skipped="0" failures="0">
  <properties>
    <property name="sun.desktop" value="windows"/>
    <property name="awt.toolkit" value="sun.awt.windows.WToolkit"/>
    <property name="file.encoding.pkg" value="sun.io"/>
    <property name="java.specification.version" value="1.8"/>
    <property name="sun.cpu.isalist" value="amd64"/>
    <property name="sun.jnu.encoding" value="GBK"/>
    <property name="java.class.path" value="F:\ideaProjects\studyProjects\imc-vx-order\order\server\target\test-classes;F:\ideaProjects\studyProjects\imc-vx-order\order\server\target\classes;F:\m2rep\org\springframework\cloud\spring-cloud-starter-netflix-eureka-client\2.0.2.RELEASE\spring-cloud-starter-netflix-eureka-client-2.0.2.RELEASE.jar;F:\m2rep\org\springframework\cloud\spring-cloud-starter\2.0.2.RELEASE\spring-cloud-starter-2.0.2.RELEASE.jar;F:\m2rep\org\springframework\cloud\spring-cloud-context\2.0.2.RELEASE\spring-cloud-context-2.0.2.RELEASE.jar;F:\m2rep\org\springframework\security\spring-security-rsa\1.0.7.RELEASE\spring-security-rsa-1.0.7.RELEASE.jar;F:\m2rep\org\bouncycastle\bcpkix-jdk15on\1.60\bcpkix-jdk15on-1.60.jar;F:\m2rep\org\bouncycastle\bcprov-jdk15on\1.60\bcprov-jdk15on-1.60.jar;F:\m2rep\org\springframework\cloud\spring-cloud-netflix-core\2.0.2.RELEASE\spring-cloud-netflix-core-2.0.2.RELEASE.jar;F:\m2rep\org\springframework\boot\spring-boot-autoconfigure\2.0.2.RELEASE\spring-boot-autoconfigure-2.0.2.RELEASE.jar;F:\m2rep\org\springframework\cloud\spring-cloud-netflix-eureka-client\2.0.2.RELEASE\spring-cloud-netflix-eureka-client-2.0.2.RELEASE.jar;F:\m2rep\com\netflix\eureka\eureka-client\1.9.3\eureka-client-1.9.3.jar;F:\m2rep\org\codehaus\jettison\jettison\1.3.7\jettison-1.3.7.jar;F:\m2rep\stax\stax-api\1.0.1\stax-api-1.0.1.jar;F:\m2rep\com\netflix\netflix-commons\netflix-eventbus\0.3.0\netflix-eventbus-0.3.0.jar;F:\m2rep\com\netflix\netflix-commons\netflix-infix\0.3.0\netflix-infix-0.3.0.jar;F:\m2rep\commons-jxpath\commons-jxpath\1.3\commons-jxpath-1.3.jar;F:\m2rep\joda-time\joda-time\2.9.9\joda-time-2.9.9.jar;F:\m2rep\org\antlr\antlr-runtime\3.4\antlr-runtime-3.4.jar;F:\m2rep\org\antlr\stringtemplate\3.2.1\stringtemplate-3.2.1.jar;F:\m2rep\org\apache\commons\commons-math\2.2\commons-math-2.2.jar;F:\m2rep\com\netflix\archaius\archaius-core\0.7.6\archaius-core-0.7.6.jar;F:\m2rep\com\google\guava\guava\16.0\guava-16.0.jar;F:\m2rep\javax\ws\rs\jsr311-api\1.1.1\jsr311-api-1.1.1.jar;F:\m2rep\com\netflix\servo\servo-core\0.12.21\servo-core-0.12.21.jar;F:\m2rep\com\sun\jersey\jersey-core\1.19.1\jersey-core-1.19.1.jar;F:\m2rep\com\sun\jersey\jersey-client\1.19.1\jersey-client-1.19.1.jar;F:\m2rep\com\sun\jersey\contribs\jersey-apache-client4\1.19.1\jersey-apache-client4-1.19.1.jar;F:\m2rep\org\apache\httpcomponents\httpclient\4.5.5\httpclient-4.5.5.jar;F:\m2rep\org\apache\httpcomponents\httpcore\4.4.9\httpcore-4.4.9.jar;F:\m2rep\commons-codec\commons-codec\1.11\commons-codec-1.11.jar;F:\m2rep\com\google\inject\guice\4.1.0\guice-4.1.0.jar;F:\m2rep\javax\inject\javax.inject\1\javax.inject-1.jar;F:\m2rep\aopalliance\aopalliance\1.0\aopalliance-1.0.jar;F:\m2rep\com\github\vlsi\compactmap\compactmap\1.2.1\compactmap-1.2.1.jar;F:\m2rep\com\github\andrewoma\dexx\dexx-collections\0.2\dexx-collections-0.2.jar;F:\m2rep\com\fasterxml\jackson\core\jackson-annotations\2.9.0\jackson-annotations-2.9.0.jar;F:\m2rep\com\fasterxml\jackson\core\jackson-core\2.9.5\jackson-core-2.9.5.jar;F:\m2rep\com\fasterxml\jackson\core\jackson-databind\2.9.5\jackson-databind-2.9.5.jar;F:\m2rep\com\netflix\eureka\eureka-core\1.9.3\eureka-core-1.9.3.jar;F:\m2rep\org\codehaus\woodstox\woodstox-core-asl\4.4.1\woodstox-core-asl-4.4.1.jar;F:\m2rep\javax\xml\stream\stax-api\1.0-2\stax-api-1.0-2.jar;F:\m2rep\org\codehaus\woodstox\stax2-api\3.1.4\stax2-api-3.1.4.jar;F:\m2rep\org\springframework\cloud\spring-cloud-starter-netflix-archaius\2.0.2.RELEASE\spring-cloud-starter-netflix-archaius-2.0.2.RELEASE.jar;F:\m2rep\org\springframework\cloud\spring-cloud-netflix-ribbon\2.0.2.RELEASE\spring-cloud-netflix-ribbon-2.0.2.RELEASE.jar;F:\m2rep\org\springframework\cloud\spring-cloud-netflix-archaius\2.0.2.RELEASE\spring-cloud-netflix-archaius-2.0.2.RELEASE.jar;F:\m2rep\commons-configuration\commons-configuration\1.8\commons-configuration-1.8.jar;F:\m2rep\commons-lang\commons-lang\2.6\commons-lang-2.6.jar;F:\m2rep\org\springframework\cloud\spring-cloud-starter-netflix-ribbon\2.0.2.RELEASE\spring-cloud-starter-netflix-ribbon-2.0.2.RELEASE.jar;F:\m2rep\com\netflix\ribbon\ribbon\2.2.5\ribbon-2.2.5.jar;F:\m2rep\com\netflix\ribbon\ribbon-transport\2.2.5\ribbon-transport-2.2.5.jar;F:\m2rep\io\reactivex\rxnetty-contexts\0.4.9\rxnetty-contexts-0.4.9.jar;F:\m2rep\io\reactivex\rxnetty-servo\0.4.9\rxnetty-servo-0.4.9.jar;F:\m2rep\io\reactivex\rxnetty\0.4.9\rxnetty-0.4.9.jar;F:\m2rep\com\netflix\ribbon\ribbon-core\2.2.5\ribbon-core-2.2.5.jar;F:\m2rep\com\netflix\ribbon\ribbon-httpclient\2.2.5\ribbon-httpclient-2.2.5.jar;F:\m2rep\commons-collections\commons-collections\3.2.2\commons-collections-3.2.2.jar;F:\m2rep\com\netflix\netflix-commons\netflix-commons-util\0.3.0\netflix-commons-util-0.3.0.jar;F:\m2rep\com\netflix\ribbon\ribbon-loadbalancer\2.2.5\ribbon-loadbalancer-2.2.5.jar;F:\m2rep\com\netflix\netflix-commons\netflix-statistics\0.1.1\netflix-statistics-0.1.1.jar;F:\m2rep\io\reactivex\rxjava\1.3.8\rxjava-1.3.8.jar;F:\m2rep\com\netflix\ribbon\ribbon-eureka\2.2.5\ribbon-eureka-2.2.5.jar;F:\m2rep\org\slf4j\slf4j-api\1.7.25\slf4j-api-1.7.25.jar;F:\m2rep\com\thoughtworks\xstream\xstream\1.4.10\xstream-1.4.10.jar;F:\m2rep\xmlpull\xmlpull\1.1.3.1\xmlpull-1.1.3.1.jar;F:\m2rep\xpp3\xpp3_min\1.1.4c\xpp3_min-1.1.4c.jar;F:\m2rep\org\springframework\boot\spring-boot-starter-test\2.0.2.RELEASE\spring-boot-starter-test-2.0.2.RELEASE.jar;F:\m2rep\org\springframework\boot\spring-boot-starter\2.0.2.RELEASE\spring-boot-starter-2.0.2.RELEASE.jar;F:\m2rep\org\springframework\boot\spring-boot\2.0.2.RELEASE\spring-boot-2.0.2.RELEASE.jar;F:\m2rep\org\springframework\boot\spring-boot-starter-logging\2.0.2.RELEASE\spring-boot-starter-logging-2.0.2.RELEASE.jar;F:\m2rep\ch\qos\logback\logback-classic\1.2.3\logback-classic-1.2.3.jar;F:\m2rep\ch\qos\logback\logback-core\1.2.3\logback-core-1.2.3.jar;F:\m2rep\org\apache\logging\log4j\log4j-to-slf4j\2.10.0\log4j-to-slf4j-2.10.0.jar;F:\m2rep\org\apache\logging\log4j\log4j-api\2.10.0\log4j-api-2.10.0.jar;F:\m2rep\org\slf4j\jul-to-slf4j\1.7.25\jul-to-slf4j-1.7.25.jar;F:\m2rep\javax\annotation\javax.annotation-api\1.3.2\javax.annotation-api-1.3.2.jar;F:\m2rep\org\yaml\snakeyaml\1.19\snakeyaml-1.19.jar;F:\m2rep\org\springframework\boot\spring-boot-test\2.0.2.RELEASE\spring-boot-test-2.0.2.RELEASE.jar;F:\m2rep\org\springframework\boot\spring-boot-test-autoconfigure\2.0.2.RELEASE\spring-boot-test-autoconfigure-2.0.2.RELEASE.jar;F:\m2rep\com\jayway\jsonpath\json-path\2.4.0\json-path-2.4.0.jar;F:\m2rep\net\minidev\json-smart\2.3\json-smart-2.3.jar;F:\m2rep\net\minidev\accessors-smart\1.2\accessors-smart-1.2.jar;F:\m2rep\org\ow2\asm\asm\5.0.4\asm-5.0.4.jar;F:\m2rep\junit\junit\4.12\junit-4.12.jar;F:\m2rep\org\assertj\assertj-core\3.9.1\assertj-core-3.9.1.jar;F:\m2rep\org\mockito\mockito-core\2.15.0\mockito-core-2.15.0.jar;F:\m2rep\net\bytebuddy\byte-buddy\1.7.11\byte-buddy-1.7.11.jar;F:\m2rep\net\bytebuddy\byte-buddy-agent\1.7.11\byte-buddy-agent-1.7.11.jar;F:\m2rep\org\objenesis\objenesis\2.6\objenesis-2.6.jar;F:\m2rep\org\hamcrest\hamcrest-core\1.3\hamcrest-core-1.3.jar;F:\m2rep\org\hamcrest\hamcrest-library\1.3\hamcrest-library-1.3.jar;F:\m2rep\org\skyscreamer\jsonassert\1.5.0\jsonassert-1.5.0.jar;F:\m2rep\com\vaadin\external\google\android-json\0.0.20131108.vaadin1\android-json-0.0.20131108.vaadin1.jar;F:\m2rep\org\springframework\spring-core\5.0.6.RELEASE\spring-core-5.0.6.RELEASE.jar;F:\m2rep\org\springframework\spring-jcl\5.0.6.RELEASE\spring-jcl-5.0.6.RELEASE.jar;F:\m2rep\org\springframework\spring-test\5.0.6.RELEASE\spring-test-5.0.6.RELEASE.jar;F:\m2rep\org\xmlunit\xmlunit-core\2.5.1\xmlunit-core-2.5.1.jar;F:\m2rep\org\springframework\boot\spring-boot-starter-web\2.0.2.RELEASE\spring-boot-starter-web-2.0.2.RELEASE.jar;F:\m2rep\org\springframework\boot\spring-boot-starter-json\2.0.2.RELEASE\spring-boot-starter-json-2.0.2.RELEASE.jar;F:\m2rep\com\fasterxml\jackson\datatype\jackson-datatype-jdk8\2.9.5\jackson-datatype-jdk8-2.9.5.jar;F:\m2rep\com\fasterxml\jackson\datatype\jackson-datatype-jsr310\2.9.5\jackson-datatype-jsr310-2.9.5.jar;F:\m2rep\com\fasterxml\jackson\module\jackson-module-parameter-names\2.9.5\jackson-module-parameter-names-2.9.5.jar;F:\m2rep\org\springframework\boot\spring-boot-starter-tomcat\2.0.2.RELEASE\spring-boot-starter-tomcat-2.0.2.RELEASE.jar;F:\m2rep\org\apache\tomcat\embed\tomcat-embed-core\8.5.31\tomcat-embed-core-8.5.31.jar;F:\m2rep\org\apache\tomcat\embed\tomcat-embed-el\8.5.31\tomcat-embed-el-8.5.31.jar;F:\m2rep\org\apache\tomcat\embed\tomcat-embed-websocket\8.5.31\tomcat-embed-websocket-8.5.31.jar;F:\m2rep\org\hibernate\validator\hibernate-validator\6.0.9.Final\hibernate-validator-6.0.9.Final.jar;F:\m2rep\javax\validation\validation-api\2.0.1.Final\validation-api-2.0.1.Final.jar;F:\m2rep\org\jboss\logging\jboss-logging\3.3.2.Final\jboss-logging-3.3.2.Final.jar;F:\m2rep\com\fasterxml\classmate\1.3.4\classmate-1.3.4.jar;F:\m2rep\org\springframework\spring-web\5.0.6.RELEASE\spring-web-5.0.6.RELEASE.jar;F:\m2rep\org\springframework\spring-beans\5.0.6.RELEASE\spring-beans-5.0.6.RELEASE.jar;F:\m2rep\org\springframework\spring-webmvc\5.0.6.RELEASE\spring-webmvc-5.0.6.RELEASE.jar;F:\m2rep\org\springframework\spring-aop\5.0.6.RELEASE\spring-aop-5.0.6.RELEASE.jar;F:\m2rep\org\springframework\spring-context\5.0.6.RELEASE\spring-context-5.0.6.RELEASE.jar;F:\m2rep\org\springframework\spring-expression\5.0.6.RELEASE\spring-expression-5.0.6.RELEASE.jar;F:\m2rep\com\google\code\gson\gson\2.8.4\gson-2.8.4.jar;F:\m2rep\org\springframework\boot\spring-boot-starter-data-jpa\2.0.2.RELEASE\spring-boot-starter-data-jpa-2.0.2.RELEASE.jar;F:\m2rep\org\springframework\boot\spring-boot-starter-aop\2.0.2.RELEASE\spring-boot-starter-aop-2.0.2.RELEASE.jar;F:\m2rep\org\aspectj\aspectjweaver\1.8.13\aspectjweaver-1.8.13.jar;F:\m2rep\org\springframework\boot\spring-boot-starter-jdbc\2.0.2.RELEASE\spring-boot-starter-jdbc-2.0.2.RELEASE.jar;F:\m2rep\com\zaxxer\HikariCP\2.7.9\HikariCP-2.7.9.jar;F:\m2rep\org\springframework\spring-jdbc\5.0.6.RELEASE\spring-jdbc-5.0.6.RELEASE.jar;F:\m2rep\org\hibernate\hibernate-core\5.2.17.Final\hibernate-core-5.2.17.Final.jar;F:\m2rep\org\hibernate\javax\persistence\hibernate-jpa-2.1-api\1.0.0.Final\hibernate-jpa-2.1-api-1.0.0.Final.jar;F:\m2rep\org\javassist\javassist\3.22.0-GA\javassist-3.22.0-GA.jar;F:\m2rep\antlr\antlr\2.7.7\antlr-2.7.7.jar;F:\m2rep\org\jboss\jandex\2.0.3.Final\jandex-2.0.3.Final.jar;F:\m2rep\dom4j\dom4j\1.6.1\dom4j-1.6.1.jar;F:\m2rep\org\hibernate\common\hibernate-commons-annotations\5.0.1.Final\hibernate-commons-annotations-5.0.1.Final.jar;F:\m2rep\javax\transaction\javax.transaction-api\1.2\javax.transaction-api-1.2.jar;F:\m2rep\org\springframework\data\spring-data-jpa\2.0.7.RELEASE\spring-data-jpa-2.0.7.RELEASE.jar;F:\m2rep\org\springframework\data\spring-data-commons\2.0.7.RELEASE\spring-data-commons-2.0.7.RELEASE.jar;F:\m2rep\org\springframework\spring-orm\5.0.6.RELEASE\spring-orm-5.0.6.RELEASE.jar;F:\m2rep\org\springframework\spring-tx\5.0.6.RELEASE\spring-tx-5.0.6.RELEASE.jar;F:\m2rep\org\springframework\spring-aspects\5.0.6.RELEASE\spring-aspects-5.0.6.RELEASE.jar;F:\m2rep\mysql\mysql-connector-java\5.1.46\mysql-connector-java-5.1.46.jar;F:\m2rep\org\projectlombok\lombok\1.16.20\lombok-1.16.20.jar;F:\m2rep\org\springframework\cloud\spring-cloud-starter-openfeign\2.0.2.RELEASE\spring-cloud-starter-openfeign-2.0.2.RELEASE.jar;F:\m2rep\org\springframework\cloud\spring-cloud-openfeign-core\2.0.2.RELEASE\spring-cloud-openfeign-core-2.0.2.RELEASE.jar;F:\m2rep\io\github\openfeign\form\feign-form-spring\3.3.0\feign-form-spring-3.3.0.jar;F:\m2rep\io\github\openfeign\form\feign-form\3.3.0\feign-form-3.3.0.jar;F:\m2rep\com\google\code\findbugs\annotations\3.0.1\annotations-3.0.1.jar;F:\m2rep\net\jcip\jcip-annotations\1.0\jcip-annotations-1.0.jar;F:\m2rep\com\google\code\findbugs\jsr305\3.0.1\jsr305-3.0.1.jar;F:\m2rep\commons-fileupload\commons-fileupload\1.3.3\commons-fileupload-1.3.3.jar;F:\m2rep\commons-io\commons-io\2.2\commons-io-2.2.jar;F:\m2rep\org\springframework\cloud\spring-cloud-commons\2.0.2.RELEASE\spring-cloud-commons-2.0.2.RELEASE.jar;F:\m2rep\org\springframework\security\spring-security-crypto\5.0.5.RELEASE\spring-security-crypto-5.0.5.RELEASE.jar;F:\m2rep\io\github\openfeign\feign-core\9.7.0\feign-core-9.7.0.jar;F:\m2rep\io\github\openfeign\feign-slf4j\9.7.0\feign-slf4j-9.7.0.jar;F:\m2rep\io\github\openfeign\feign-hystrix\9.7.0\feign-hystrix-9.7.0.jar;F:\m2rep\com\netflix\hystrix\hystrix-core\1.5.12\hystrix-core-1.5.12.jar;F:\m2rep\org\hdrhistogram\HdrHistogram\2.1.9\HdrHistogram-2.1.9.jar;F:\m2rep\io\github\openfeign\feign-java8\9.7.0\feign-java8-9.7.0.jar;F:\m2rep\com\cactusc9\product-client\0.0.1-SNAPSHOT\product-client-0.0.1-SNAPSHOT.jar;F:\m2rep\com\cactusc9\product-common\0.0.1-SNAPSHOT\product-common-0.0.1-SNAPSHOT.jar;"/>
    <property name="java.vm.vendor" value="Oracle Corporation"/>
    <property name="sun.arch.data.model" value="64"/>
    <property name="user.variant" value=""/>
    <property name="java.vendor.url" value="http://java.oracle.com/"/>
    <property name="user.timezone" value=""/>
    <property name="java.vm.specification.version" value="1.8"/>
    <property name="os.name" value="Windows 10"/>
    <property name="user.country" value="CN"/>
    <property name="sun.java.launcher" value="SUN_STANDARD"/>
    <property name="sun.boot.library.path" value="D:\dev\Java\jdk1.8.0_181\jre\bin"/>
    <property name="sun.java.command" value="C:\Users\cactu\AppData\Local\Temp\surefire36775109088712306\surefirebooter1805180370211134338.jar C:\Users\cactu\AppData\Local\Temp\surefire36775109088712306 2019-05-19T22-23-29_437-jvmRun1 surefire8877726232865922038tmp surefire_0610908042785451676tmp"/>
    <property name="surefire.test.class.path" value="F:\ideaProjects\studyProjects\imc-vx-order\order\server\target\test-classes;F:\ideaProjects\studyProjects\imc-vx-order\order\server\target\classes;F:\m2rep\org\springframework\cloud\spring-cloud-starter-netflix-eureka-client\2.0.2.RELEASE\spring-cloud-starter-netflix-eureka-client-2.0.2.RELEASE.jar;F:\m2rep\org\springframework\cloud\spring-cloud-starter\2.0.2.RELEASE\spring-cloud-starter-2.0.2.RELEASE.jar;F:\m2rep\org\springframework\cloud\spring-cloud-context\2.0.2.RELEASE\spring-cloud-context-2.0.2.RELEASE.jar;F:\m2rep\org\springframework\security\spring-security-rsa\1.0.7.RELEASE\spring-security-rsa-1.0.7.RELEASE.jar;F:\m2rep\org\bouncycastle\bcpkix-jdk15on\1.60\bcpkix-jdk15on-1.60.jar;F:\m2rep\org\bouncycastle\bcprov-jdk15on\1.60\bcprov-jdk15on-1.60.jar;F:\m2rep\org\springframework\cloud\spring-cloud-netflix-core\2.0.2.RELEASE\spring-cloud-netflix-core-2.0.2.RELEASE.jar;F:\m2rep\org\springframework\boot\spring-boot-autoconfigure\2.0.2.RELEASE\spring-boot-autoconfigure-2.0.2.RELEASE.jar;F:\m2rep\org\springframework\cloud\spring-cloud-netflix-eureka-client\2.0.2.RELEASE\spring-cloud-netflix-eureka-client-2.0.2.RELEASE.jar;F:\m2rep\com\netflix\eureka\eureka-client\1.9.3\eureka-client-1.9.3.jar;F:\m2rep\org\codehaus\jettison\jettison\1.3.7\jettison-1.3.7.jar;F:\m2rep\stax\stax-api\1.0.1\stax-api-1.0.1.jar;F:\m2rep\com\netflix\netflix-commons\netflix-eventbus\0.3.0\netflix-eventbus-0.3.0.jar;F:\m2rep\com\netflix\netflix-commons\netflix-infix\0.3.0\netflix-infix-0.3.0.jar;F:\m2rep\commons-jxpath\commons-jxpath\1.3\commons-jxpath-1.3.jar;F:\m2rep\joda-time\joda-time\2.9.9\joda-time-2.9.9.jar;F:\m2rep\org\antlr\antlr-runtime\3.4\antlr-runtime-3.4.jar;F:\m2rep\org\antlr\stringtemplate\3.2.1\stringtemplate-3.2.1.jar;F:\m2rep\org\apache\commons\commons-math\2.2\commons-math-2.2.jar;F:\m2rep\com\netflix\archaius\archaius-core\0.7.6\archaius-core-0.7.6.jar;F:\m2rep\com\google\guava\guava\16.0\guava-16.0.jar;F:\m2rep\javax\ws\rs\jsr311-api\1.1.1\jsr311-api-1.1.1.jar;F:\m2rep\com\netflix\servo\servo-core\0.12.21\servo-core-0.12.21.jar;F:\m2rep\com\sun\jersey\jersey-core\1.19.1\jersey-core-1.19.1.jar;F:\m2rep\com\sun\jersey\jersey-client\1.19.1\jersey-client-1.19.1.jar;F:\m2rep\com\sun\jersey\contribs\jersey-apache-client4\1.19.1\jersey-apache-client4-1.19.1.jar;F:\m2rep\org\apache\httpcomponents\httpclient\4.5.5\httpclient-4.5.5.jar;F:\m2rep\org\apache\httpcomponents\httpcore\4.4.9\httpcore-4.4.9.jar;F:\m2rep\commons-codec\commons-codec\1.11\commons-codec-1.11.jar;F:\m2rep\com\google\inject\guice\4.1.0\guice-4.1.0.jar;F:\m2rep\javax\inject\javax.inject\1\javax.inject-1.jar;F:\m2rep\aopalliance\aopalliance\1.0\aopalliance-1.0.jar;F:\m2rep\com\github\vlsi\compactmap\compactmap\1.2.1\compactmap-1.2.1.jar;F:\m2rep\com\github\andrewoma\dexx\dexx-collections\0.2\dexx-collections-0.2.jar;F:\m2rep\com\fasterxml\jackson\core\jackson-annotations\2.9.0\jackson-annotations-2.9.0.jar;F:\m2rep\com\fasterxml\jackson\core\jackson-core\2.9.5\jackson-core-2.9.5.jar;F:\m2rep\com\fasterxml\jackson\core\jackson-databind\2.9.5\jackson-databind-2.9.5.jar;F:\m2rep\com\netflix\eureka\eureka-core\1.9.3\eureka-core-1.9.3.jar;F:\m2rep\org\codehaus\woodstox\woodstox-core-asl\4.4.1\woodstox-core-asl-4.4.1.jar;F:\m2rep\javax\xml\stream\stax-api\1.0-2\stax-api-1.0-2.jar;F:\m2rep\org\codehaus\woodstox\stax2-api\3.1.4\stax2-api-3.1.4.jar;F:\m2rep\org\springframework\cloud\spring-cloud-starter-netflix-archaius\2.0.2.RELEASE\spring-cloud-starter-netflix-archaius-2.0.2.RELEASE.jar;F:\m2rep\org\springframework\cloud\spring-cloud-netflix-ribbon\2.0.2.RELEASE\spring-cloud-netflix-ribbon-2.0.2.RELEASE.jar;F:\m2rep\org\springframework\cloud\spring-cloud-netflix-archaius\2.0.2.RELEASE\spring-cloud-netflix-archaius-2.0.2.RELEASE.jar;F:\m2rep\commons-configuration\commons-configuration\1.8\commons-configuration-1.8.jar;F:\m2rep\commons-lang\commons-lang\2.6\commons-lang-2.6.jar;F:\m2rep\org\springframework\cloud\spring-cloud-starter-netflix-ribbon\2.0.2.RELEASE\spring-cloud-starter-netflix-ribbon-2.0.2.RELEASE.jar;F:\m2rep\com\netflix\ribbon\ribbon\2.2.5\ribbon-2.2.5.jar;F:\m2rep\com\netflix\ribbon\ribbon-transport\2.2.5\ribbon-transport-2.2.5.jar;F:\m2rep\io\reactivex\rxnetty-contexts\0.4.9\rxnetty-contexts-0.4.9.jar;F:\m2rep\io\reactivex\rxnetty-servo\0.4.9\rxnetty-servo-0.4.9.jar;F:\m2rep\io\reactivex\rxnetty\0.4.9\rxnetty-0.4.9.jar;F:\m2rep\com\netflix\ribbon\ribbon-core\2.2.5\ribbon-core-2.2.5.jar;F:\m2rep\com\netflix\ribbon\ribbon-httpclient\2.2.5\ribbon-httpclient-2.2.5.jar;F:\m2rep\commons-collections\commons-collections\3.2.2\commons-collections-3.2.2.jar;F:\m2rep\com\netflix\netflix-commons\netflix-commons-util\0.3.0\netflix-commons-util-0.3.0.jar;F:\m2rep\com\netflix\ribbon\ribbon-loadbalancer\2.2.5\ribbon-loadbalancer-2.2.5.jar;F:\m2rep\com\netflix\netflix-commons\netflix-statistics\0.1.1\netflix-statistics-0.1.1.jar;F:\m2rep\io\reactivex\rxjava\1.3.8\rxjava-1.3.8.jar;F:\m2rep\com\netflix\ribbon\ribbon-eureka\2.2.5\ribbon-eureka-2.2.5.jar;F:\m2rep\org\slf4j\slf4j-api\1.7.25\slf4j-api-1.7.25.jar;F:\m2rep\com\thoughtworks\xstream\xstream\1.4.10\xstream-1.4.10.jar;F:\m2rep\xmlpull\xmlpull\1.1.3.1\xmlpull-1.1.3.1.jar;F:\m2rep\xpp3\xpp3_min\1.1.4c\xpp3_min-1.1.4c.jar;F:\m2rep\org\springframework\boot\spring-boot-starter-test\2.0.2.RELEASE\spring-boot-starter-test-2.0.2.RELEASE.jar;F:\m2rep\org\springframework\boot\spring-boot-starter\2.0.2.RELEASE\spring-boot-starter-2.0.2.RELEASE.jar;F:\m2rep\org\springframework\boot\spring-boot\2.0.2.RELEASE\spring-boot-2.0.2.RELEASE.jar;F:\m2rep\org\springframework\boot\spring-boot-starter-logging\2.0.2.RELEASE\spring-boot-starter-logging-2.0.2.RELEASE.jar;F:\m2rep\ch\qos\logback\logback-classic\1.2.3\logback-classic-1.2.3.jar;F:\m2rep\ch\qos\logback\logback-core\1.2.3\logback-core-1.2.3.jar;F:\m2rep\org\apache\logging\log4j\log4j-to-slf4j\2.10.0\log4j-to-slf4j-2.10.0.jar;F:\m2rep\org\apache\logging\log4j\log4j-api\2.10.0\log4j-api-2.10.0.jar;F:\m2rep\org\slf4j\jul-to-slf4j\1.7.25\jul-to-slf4j-1.7.25.jar;F:\m2rep\javax\annotation\javax.annotation-api\1.3.2\javax.annotation-api-1.3.2.jar;F:\m2rep\org\yaml\snakeyaml\1.19\snakeyaml-1.19.jar;F:\m2rep\org\springframework\boot\spring-boot-test\2.0.2.RELEASE\spring-boot-test-2.0.2.RELEASE.jar;F:\m2rep\org\springframework\boot\spring-boot-test-autoconfigure\2.0.2.RELEASE\spring-boot-test-autoconfigure-2.0.2.RELEASE.jar;F:\m2rep\com\jayway\jsonpath\json-path\2.4.0\json-path-2.4.0.jar;F:\m2rep\net\minidev\json-smart\2.3\json-smart-2.3.jar;F:\m2rep\net\minidev\accessors-smart\1.2\accessors-smart-1.2.jar;F:\m2rep\org\ow2\asm\asm\5.0.4\asm-5.0.4.jar;F:\m2rep\junit\junit\4.12\junit-4.12.jar;F:\m2rep\org\assertj\assertj-core\3.9.1\assertj-core-3.9.1.jar;F:\m2rep\org\mockito\mockito-core\2.15.0\mockito-core-2.15.0.jar;F:\m2rep\net\bytebuddy\byte-buddy\1.7.11\byte-buddy-1.7.11.jar;F:\m2rep\net\bytebuddy\byte-buddy-agent\1.7.11\byte-buddy-agent-1.7.11.jar;F:\m2rep\org\objenesis\objenesis\2.6\objenesis-2.6.jar;F:\m2rep\org\hamcrest\hamcrest-core\1.3\hamcrest-core-1.3.jar;F:\m2rep\org\hamcrest\hamcrest-library\1.3\hamcrest-library-1.3.jar;F:\m2rep\org\skyscreamer\jsonassert\1.5.0\jsonassert-1.5.0.jar;F:\m2rep\com\vaadin\external\google\android-json\0.0.20131108.vaadin1\android-json-0.0.20131108.vaadin1.jar;F:\m2rep\org\springframework\spring-core\5.0.6.RELEASE\spring-core-5.0.6.RELEASE.jar;F:\m2rep\org\springframework\spring-jcl\5.0.6.RELEASE\spring-jcl-5.0.6.RELEASE.jar;F:\m2rep\org\springframework\spring-test\5.0.6.RELEASE\spring-test-5.0.6.RELEASE.jar;F:\m2rep\org\xmlunit\xmlunit-core\2.5.1\xmlunit-core-2.5.1.jar;F:\m2rep\org\springframework\boot\spring-boot-starter-web\2.0.2.RELEASE\spring-boot-starter-web-2.0.2.RELEASE.jar;F:\m2rep\org\springframework\boot\spring-boot-starter-json\2.0.2.RELEASE\spring-boot-starter-json-2.0.2.RELEASE.jar;F:\m2rep\com\fasterxml\jackson\datatype\jackson-datatype-jdk8\2.9.5\jackson-datatype-jdk8-2.9.5.jar;F:\m2rep\com\fasterxml\jackson\datatype\jackson-datatype-jsr310\2.9.5\jackson-datatype-jsr310-2.9.5.jar;F:\m2rep\com\fasterxml\jackson\module\jackson-module-parameter-names\2.9.5\jackson-module-parameter-names-2.9.5.jar;F:\m2rep\org\springframework\boot\spring-boot-starter-tomcat\2.0.2.RELEASE\spring-boot-starter-tomcat-2.0.2.RELEASE.jar;F:\m2rep\org\apache\tomcat\embed\tomcat-embed-core\8.5.31\tomcat-embed-core-8.5.31.jar;F:\m2rep\org\apache\tomcat\embed\tomcat-embed-el\8.5.31\tomcat-embed-el-8.5.31.jar;F:\m2rep\org\apache\tomcat\embed\tomcat-embed-websocket\8.5.31\tomcat-embed-websocket-8.5.31.jar;F:\m2rep\org\hibernate\validator\hibernate-validator\6.0.9.Final\hibernate-validator-6.0.9.Final.jar;F:\m2rep\javax\validation\validation-api\2.0.1.Final\validation-api-2.0.1.Final.jar;F:\m2rep\org\jboss\logging\jboss-logging\3.3.2.Final\jboss-logging-3.3.2.Final.jar;F:\m2rep\com\fasterxml\classmate\1.3.4\classmate-1.3.4.jar;F:\m2rep\org\springframework\spring-web\5.0.6.RELEASE\spring-web-5.0.6.RELEASE.jar;F:\m2rep\org\springframework\spring-beans\5.0.6.RELEASE\spring-beans-5.0.6.RELEASE.jar;F:\m2rep\org\springframework\spring-webmvc\5.0.6.RELEASE\spring-webmvc-5.0.6.RELEASE.jar;F:\m2rep\org\springframework\spring-aop\5.0.6.RELEASE\spring-aop-5.0.6.RELEASE.jar;F:\m2rep\org\springframework\spring-context\5.0.6.RELEASE\spring-context-5.0.6.RELEASE.jar;F:\m2rep\org\springframework\spring-expression\5.0.6.RELEASE\spring-expression-5.0.6.RELEASE.jar;F:\m2rep\com\google\code\gson\gson\2.8.4\gson-2.8.4.jar;F:\m2rep\org\springframework\boot\spring-boot-starter-data-jpa\2.0.2.RELEASE\spring-boot-starter-data-jpa-2.0.2.RELEASE.jar;F:\m2rep\org\springframework\boot\spring-boot-starter-aop\2.0.2.RELEASE\spring-boot-starter-aop-2.0.2.RELEASE.jar;F:\m2rep\org\aspectj\aspectjweaver\1.8.13\aspectjweaver-1.8.13.jar;F:\m2rep\org\springframework\boot\spring-boot-starter-jdbc\2.0.2.RELEASE\spring-boot-starter-jdbc-2.0.2.RELEASE.jar;F:\m2rep\com\zaxxer\HikariCP\2.7.9\HikariCP-2.7.9.jar;F:\m2rep\org\springframework\spring-jdbc\5.0.6.RELEASE\spring-jdbc-5.0.6.RELEASE.jar;F:\m2rep\org\hibernate\hibernate-core\5.2.17.Final\hibernate-core-5.2.17.Final.jar;F:\m2rep\org\hibernate\javax\persistence\hibernate-jpa-2.1-api\1.0.0.Final\hibernate-jpa-2.1-api-1.0.0.Final.jar;F:\m2rep\org\javassist\javassist\3.22.0-GA\javassist-3.22.0-GA.jar;F:\m2rep\antlr\antlr\2.7.7\antlr-2.7.7.jar;F:\m2rep\org\jboss\jandex\2.0.3.Final\jandex-2.0.3.Final.jar;F:\m2rep\dom4j\dom4j\1.6.1\dom4j-1.6.1.jar;F:\m2rep\org\hibernate\common\hibernate-commons-annotations\5.0.1.Final\hibernate-commons-annotations-5.0.1.Final.jar;F:\m2rep\javax\transaction\javax.transaction-api\1.2\javax.transaction-api-1.2.jar;F:\m2rep\org\springframework\data\spring-data-jpa\2.0.7.RELEASE\spring-data-jpa-2.0.7.RELEASE.jar;F:\m2rep\org\springframework\data\spring-data-commons\2.0.7.RELEASE\spring-data-commons-2.0.7.RELEASE.jar;F:\m2rep\org\springframework\spring-orm\5.0.6.RELEASE\spring-orm-5.0.6.RELEASE.jar;F:\m2rep\org\springframework\spring-tx\5.0.6.RELEASE\spring-tx-5.0.6.RELEASE.jar;F:\m2rep\org\springframework\spring-aspects\5.0.6.RELEASE\spring-aspects-5.0.6.RELEASE.jar;F:\m2rep\mysql\mysql-connector-java\5.1.46\mysql-connector-java-5.1.46.jar;F:\m2rep\org\projectlombok\lombok\1.16.20\lombok-1.16.20.jar;F:\m2rep\org\springframework\cloud\spring-cloud-starter-openfeign\2.0.2.RELEASE\spring-cloud-starter-openfeign-2.0.2.RELEASE.jar;F:\m2rep\org\springframework\cloud\spring-cloud-openfeign-core\2.0.2.RELEASE\spring-cloud-openfeign-core-2.0.2.RELEASE.jar;F:\m2rep\io\github\openfeign\form\feign-form-spring\3.3.0\feign-form-spring-3.3.0.jar;F:\m2rep\io\github\openfeign\form\feign-form\3.3.0\feign-form-3.3.0.jar;F:\m2rep\com\google\code\findbugs\annotations\3.0.1\annotations-3.0.1.jar;F:\m2rep\net\jcip\jcip-annotations\1.0\jcip-annotations-1.0.jar;F:\m2rep\com\google\code\findbugs\jsr305\3.0.1\jsr305-3.0.1.jar;F:\m2rep\commons-fileupload\commons-fileupload\1.3.3\commons-fileupload-1.3.3.jar;F:\m2rep\commons-io\commons-io\2.2\commons-io-2.2.jar;F:\m2rep\org\springframework\cloud\spring-cloud-commons\2.0.2.RELEASE\spring-cloud-commons-2.0.2.RELEASE.jar;F:\m2rep\org\springframework\security\spring-security-crypto\5.0.5.RELEASE\spring-security-crypto-5.0.5.RELEASE.jar;F:\m2rep\io\github\openfeign\feign-core\9.7.0\feign-core-9.7.0.jar;F:\m2rep\io\github\openfeign\feign-slf4j\9.7.0\feign-slf4j-9.7.0.jar;F:\m2rep\io\github\openfeign\feign-hystrix\9.7.0\feign-hystrix-9.7.0.jar;F:\m2rep\com\netflix\hystrix\hystrix-core\1.5.12\hystrix-core-1.5.12.jar;F:\m2rep\org\hdrhistogram\HdrHistogram\2.1.9\HdrHistogram-2.1.9.jar;F:\m2rep\io\github\openfeign\feign-java8\9.7.0\feign-java8-9.7.0.jar;F:\m2rep\com\cactusc9\product-client\0.0.1-SNAPSHOT\product-client-0.0.1-SNAPSHOT.jar;F:\m2rep\com\cactusc9\product-common\0.0.1-SNAPSHOT\product-common-0.0.1-SNAPSHOT.jar;"/>
    <property name="sun.cpu.endian" value="little"/>
    <property name="user.home" value="C:\Users\cactu"/>
    <property name="user.language" value="zh"/>
    <property name="java.specification.vendor" value="Oracle Corporation"/>
    <property name="java.home" value="D:\dev\Java\jdk1.8.0_181\jre"/>
    <property name="basedir" value="F:\ideaProjects\studyProjects\imc-vx-order\order\server"/>
    <property name="file.separator" value="\"/>
    <property name="line.separator" value="&#10;"/>
    <property name="java.vm.specification.vendor" value="Oracle Corporation"/>
    <property name="java.specification.name" value="Java Platform API Specification"/>
    <property name="java.awt.graphicsenv" value="sun.awt.Win32GraphicsEnvironment"/>
    <property name="surefire.real.class.path" value="C:\Users\cactu\AppData\Local\Temp\surefire36775109088712306\surefirebooter1805180370211134338.jar"/>
    <property name="sun.boot.class.path" value="D:\dev\Java\jdk1.8.0_181\jre\lib\resources.jar;D:\dev\Java\jdk1.8.0_181\jre\lib\rt.jar;D:\dev\Java\jdk1.8.0_181\jre\lib\sunrsasign.jar;D:\dev\Java\jdk1.8.0_181\jre\lib\jsse.jar;D:\dev\Java\jdk1.8.0_181\jre\lib\jce.jar;D:\dev\Java\jdk1.8.0_181\jre\lib\charsets.jar;D:\dev\Java\jdk1.8.0_181\jre\lib\jfr.jar;D:\dev\Java\jdk1.8.0_181\jre\classes"/>
    <property name="user.script" value=""/>
    <property name="sun.management.compiler" value="HotSpot 64-Bit Tiered Compilers"/>
    <property name="java.runtime.version" value="1.8.0_181-b13"/>
    <property name="user.name" value="cactu"/>
    <property name="path.separator" value=";"/>
    <property name="os.version" value="10.0"/>
    <property name="java.endorsed.dirs" value="D:\dev\Java\jdk1.8.0_181\jre\lib\endorsed"/>
    <property name="java.runtime.name" value="Java(TM) SE Runtime Environment"/>
    <property name="file.encoding" value="GBK"/>
    <property name="java.vm.name" value="Java HotSpot(TM) 64-Bit Server VM"/>
    <property name="localRepository" value="F:\m2rep"/>
    <property name="java.vendor.url.bug" value="http://bugreport.sun.com/bugreport/"/>
    <property name="java.io.tmpdir" value="C:\Users\cactu\AppData\Local\Temp\"/>
    <property name="java.version" value="1.8.0_181"/>
    <property name="user.dir" value="F:\ideaProjects\studyProjects\imc-vx-order\order\server"/>
    <property name="os.arch" value="amd64"/>
    <property name="java.vm.specification.name" value="Java Virtual Machine Specification"/>
    <property name="java.awt.printerjob" value="sun.awt.windows.WPrinterJob"/>
    <property name="sun.os.patch.level" value=""/>
    <property name="java.library.path" value="D:\dev\Java\jdk1.8.0_181\jre\bin;C:\WINDOWS\Sun\Java\bin;C:\WINDOWS\system32;C:\WINDOWS;D:\Program Files (x86)\NetSarang\Xshell 6\;D:\Program Files (x86)\NetSarang\Xftp 6\;C:\ProgramData\DockerDesktop\version-bin;C:\Program Files\Docker\Docker\Resources\bin;C:\WINDOWS\system32;C:\WINDOWS;C:\WINDOWS\System32\Wbem;C:\WINDOWS\System32\WindowsPowerShell\v1.0\;C:\WINDOWS\System32\OpenSSH\;C:\Program Files (x86)\NVIDIA Corporation\PhysX\Common;D:\dev\Vim\vim81;D:\dev\Java\jdk1.8.0_181\bin;D:\dev\apache-maven-3.6.0\bin;D:\dev\mysql-8.0.13-winx64\bin;d:\dev\Git\cmd;D:\dev\Redis-x64-3.2.100;D:\dev\nodejs\;;C:\WINDOWS\system32;C:\WINDOWS;C:\WINDOWS\System32\Wbem;C:\WINDOWS\System32\WindowsPowerShell\v1.0\;C:\WINDOWS\System32\OpenSSH\;D:\dev\TortoiseSVN\bin;D:\dev\Python\Python37\Scripts\;D:\dev\Python\Python37\;C:\Users\cactu\AppData\Local\Microsoft\WindowsApps;d:\dev\Fiddler;D:\dev\Java\jdk1.8.0_181\bin;D:\dev\apache-maven-3.6.0\bin;D:\dev\mysql-8.0.13-winx64\bin;C:\Users\cactu\AppData\Roaming\npm;;C:\Users\cactu\AppData\Local\Microsoft\WindowsApps;."/>
    <property name="java.vm.info" value="mixed mode"/>
    <property name="java.vendor" value="Oracle Corporation"/>
    <property name="java.vm.version" value="25.181-b13"/>
    <property name="java.ext.dirs" value="D:\dev\Java\jdk1.8.0_181\jre\lib\ext;C:\WINDOWS\Sun\Java\lib\ext"/>
    <property name="sun.io.unicode.encoding" value="UnicodeLittle"/>
    <property name="java.class.version" value="52.0"/>
  </properties>
  <testcase name="save" classname="com.cactusc9.order.repository.OrderMasterRepositoryTest" time="0"/>
  <testcase name="contextLoads" classname="com.cactusc9.order.repository.OrderMasterRepositoryTest" time="0"/>
</testsuite>